{"level":50,"time":"2026-05-19T08:07:03.151Z","pid":13616,"hostname":"LAPTOP-54LIRSIJ","msg":"Email or APP_PASSWORD missing in .env file!"}
{"level":30,"time":"2026-05-19T08:07:03.152Z","pid":13616,"hostname":"LAPTOP-54LIRSIJ","msg":"=================================================="}
{"level":30,"time":"2026-05-19T08:07:03.152Z","pid":13616,"hostname":"LAPTOP-54LIRSIJ","msg":"ISP Atom Feed Auto-Responder Bot is Active!"}
{"level":30,"time":"2026-05-19T08:07:03.152Z","pid":13616,"hostname":"LAPTOP-54LIRSIJ","msg":"Monitoring Gmail for new requests... [No IMAP Required]"}
{"level":30,"time":"2026-05-19T08:07:03.152Z","pid":13616,"hostname":"LAPTOP-54LIRSIJ","msg":"=================================================="}
{"level":50,"time":"2026-05-19T08:07:18.151Z","pid":13616,"hostname":"LAPTOP-54LIRSIJ","msg":"Email or APP_PASSWORD missing in .env file!"}
[ERROR] [7:45:39 PM] Email or APP_PASSWORD missing in .env file!
[INFO] [7:45:39 PM] ==================================================
[INFO] [7:45:39 PM] ISP Auto-Responder Bot is Active! (Smart UI Mode)
[INFO] [7:45:39 PM] Monitoring Gmail for new requests...
[INFO] [7:45:39 PM] ==================================================
[ERROR] [7:45:54 PM] Email or APP_PASSWORD missing in .env file!
[ERROR] [7:46:09 PM] Email or APP_PASSWORD missing in .env file!
[ERROR] [7:46:24 PM] Email or APP_PASSWORD missing in .env file!
[ERROR] [7:46:39 PM] Email or APP_PASSWORD missing in .env file!
[ERROR] [7:46:54 PM] Email or APP_PASSWORD missing in .env file!
[ERROR] [7:47:09 PM] Email or APP_PASSWORD missing in .env file!
[ERROR] [7:47:24 PM] Email or APP_PASSWORD missing in .env file!
[ERROR] [7:47:39 PM] Email or APP_PASSWORD missing in .env file!
[ERROR] [7:47:54 PM] Email or APP_PASSWORD missing in .env file!
[ERROR] [7:48:09 PM] Email or APP_PASSWORD missing in .env file!
[ERROR] [7:48:24 PM] Email or APP_PASSWORD missing in .env file!
[ERROR] [7:48:39 PM] Email or APP_PASSWORD missing in .env file!
[ERROR] [7:48:54 PM] Email or APP_PASSWORD missing in .env file!
[ERROR] [7:49:09 PM] Email or APP_PASSWORD missing in .env file!
[ERROR] [7:49:24 PM] Email or APP_PASSWORD missing in .env file!
[ERROR] [7:49:39 PM] Email or APP_PASSWORD missing in .env file!
[ERROR] [7:49:54 PM] Email or APP_PASSWORD missing in .env file!
[ERROR] [7:50:09 PM] Email or APP_PASSWORD missing in .env file!
[ERROR] [9:11:52 PM] Email or APP_PASSWORD missing in .env file!
[ERROR] [10:43:38 PM] Email or APP_PASSWORD missing in .env file!
[ERROR] [12:14:07 PM] Email or APP_PASSWORD missing in .env file!
[INFO] [12:14:07 PM] ==================================================
[INFO] [12:14:07 PM] ISP Auto-Responder Bot is Active! (Smart UI Mode)
[INFO] [12:14:07 PM] Monitoring Gmail for new requests...
[INFO] [12:14:07 PM] ==================================================
[ERROR] [12:14:22 PM] Email or APP_PASSWORD missing in .env file!
[ERROR] [12:14:37 PM] Email or APP_PASSWORD missing in .env file!
[ERROR] [12:14:52 PM] Email or APP_PASSWORD missing in .env file!
[INFO] [2:02:01 PM] ==================================================
[INFO] [2:02:01 PM] ISP Auto-Responder Bot is Active! (Smart UI Mode)
[INFO] [2:02:01 PM] Monitoring Gmail for new requests...
[INFO] [2:02:01 PM] ==================================================
[ERROR] [2:02:03 PM] [Feed Monitor Error]: Unexpected end of JSON input
[ERROR] [2:02:17 PM] [Feed Monitor Error]: Unexpected end of JSON input
[ERROR] [2:02:32 PM] [Feed Monitor Error]: Unexpected end of JSON input
[ERROR] [2:02:47 PM] [Feed Monitor Error]: Unexpected end of JSON input
[ERROR] [2:03:02 PM] [Feed Monitor Error]: Unexpected end of JSON input
[ERROR] [2:03:17 PM] [Feed Monitor Error]: Unexpected end of JSON input
[ERROR] [2:03:32 PM] [Feed Monitor Error]: Unexpected end of JSON input
[INFO] [2:04:15 PM] ==================================================
[INFO] [2:04:15 PM] ISP Auto-Responder Bot is Active! (Smart UI Mode)
[INFO] [2:04:15 PM] Monitoring Gmail for new requests...
[INFO] [2:04:15 PM] ==================================================
[INFO] [2:04:16 PM] New Support Request Found! From: no-reply@accounts.google.com
[INFO] [2:04:16 PM] Starting UI Automation Engine for User Data: app
[INFO] [2:04:20 PM] Executing fresh login...
[INFO] [2:04:25 PM] Smart Searching for: app
[INFO] [2:04:29 PM] Match Found! Exact Username: E201bappy. Proceeding...
[INFO] [2:04:32 PM] Typed username. Waiting for suggestion box to appear...
[INFO] [2:04:34 PM] Clicked the blue suggestion box successfully! Waiting for auto-fill...
[INFO] [2:04:36 PM] Token Category 'Problem' selected. Loading sub-codes...
[INFO] [2:04:41 PM] Form filled. Clicking Save Button...
[INFO] [2:04:49 PM] Applying DataTables Search to find the latest token...
[ERROR] [2:04:49 PM] [Puppeteer Error]: Attempted to use detached Frame '75EE17F7241B27539C4106366C9362F7'.
[ERROR] [2:04:49 PM] Automation failed for User: app. Sending failure notice...
[INFO] [2:15:44 PM] ==================================================
[INFO] [2:15:44 PM] ISP Auto-Responder Bot is Active! (Smart UI Mode)
[INFO] [2:15:44 PM] Monitoring Gmail for new requests...
[INFO] [2:15:44 PM] ==================================================
[INFO] [2:15:45 PM] Skipping Social Media / Notification email from: jobalerts-noreply@linkedin.com
[INFO] [2:15:45 PM] Skipping Social Media / Notification email from: jobalerts-noreply@linkedin.com
[INFO] [2:15:45 PM] Skipping Social Media / Notification email from: jobs-listings@linkedin.com
[INFO] [2:15:45 PM] Skipping Social Media / Notification email from: jobalerts-noreply@linkedin.com
[INFO] [2:15:45 PM] Skipping Social Media / Notification email from: jobalerts-noreply@linkedin.com
[INFO] [2:15:45 PM] New Support Request Found! From: googleplay-noreply@google.com
[INFO] [2:15:45 PM] Starting UI Automation Engine for User Data: review
[INFO] [2:15:49 PM] Executing fresh login...
[INFO] [2:15:54 PM] Smart Searching for: review
[WARN] [2:15:58 PM] User data "review" not found. Aborting.
[ERROR] [2:15:59 PM] Automation failed for User: review. Sending failure notice...
[INFO] [2:16:02 PM] Skipping Social Media / Notification email from: jobalerts-noreply@linkedin.com
[INFO] [2:16:02 PM] Skipping Social Media / Notification email from: jobalerts-noreply@linkedin.com
[INFO] [2:16:02 PM] Skipping Social Media / Notification email from: jobs-noreply@linkedin.com
[INFO] [2:16:02 PM] Skipping Social Media / Notification email from: jobalerts-noreply@linkedin.com
[INFO] [2:16:02 PM] Skipping Social Media / Notification email from: jobalerts-noreply@linkedin.com
[INFO] [2:16:02 PM] New Support Request Found! From: support@team.brain.fm
[INFO] [2:16:02 PM] Starting UI Automation Engine for User Data: try
[INFO] [2:16:06 PM] Session active. Skipping login screen.
[INFO] [2:16:07 PM] Smart Searching for: try
[INFO] [2:16:11 PM] Match Found! Exact Username: 7648noentry. Proceeding...
[INFO] [2:16:14 PM] Typed username. Waiting for suggestion box to appear...
[INFO] [2:16:16 PM] Clicked the blue suggestion box successfully! Waiting for auto-fill...
[INFO] [2:16:18 PM] Token Category 'Problem' selected. Loading sub-codes...
[ERROR] [2:16:20 PM] [Puppeteer Error]: Attempted to use detached Frame '5628DAC8FE99016DD9E5B174322EC7F2'.
[ERROR] [2:16:20 PM] Automation failed for User: try. Sending failure notice...
[INFO] [2:16:24 PM] New Support Request Found! From: predictor-no-reply@fotmob.com
[INFO] [2:16:24 PM] Starting UI Automation Engine for User Data: your
[INFO] [4:47:22 PM] ==================================================
[INFO] [4:47:22 PM] ISP Auto-Responder Bot is Active! (Smart UI Mode)
[INFO] [4:47:22 PM] Monitoring Gmail for new requests...
[INFO] [4:47:22 PM] ==================================================
[ERROR] [4:48:22 PM] [Feed Monitor Error]: 
[ERROR] [4:48:37 PM] [Feed Monitor Error]: 
[ERROR] [4:49:22 PM] [Feed Monitor Error]: 
[ERROR] [4:49:56 PM] [Feed Monitor Error]: 
[INFO] [4:50:41 PM] ==================================================
[INFO] [4:50:42 PM] ISP Auto-Responder Bot is Active! (Smart UI Mode)
[INFO] [4:50:42 PM] Monitoring Gmail for new requests...
[INFO] [4:50:42 PM] ==================================================
[INFO] [4:50:42 PM] Valid Support Request Found! Subject: "Facing Issues" From: saad35-892@diu.edu.bd
[INFO] [4:50:42 PM] Starting UI Automation Engine for User Data: 01abubakor
[INFO] [4:50:46 PM] Executing fresh login...
[INFO] [4:50:56 PM] Smart Searching for: 01abubakor
[INFO] [4:51:00 PM] Match Found! Exact Username: 01abubakor. Proceeding...
[INFO] [4:51:03 PM] Typed username. Waiting for suggestion box to appear...
[INFO] [4:51:05 PM] Clicked the blue suggestion box successfully! Waiting for auto-fill...
[INFO] [4:51:07 PM] Token Category 'Problem' selected. Loading sub-codes...
[INFO] [4:51:13 PM] Form filled. Clicking Save Button...
[INFO] [4:51:21 PM] Applying DataTables Search to find the latest token...
[WARN] [4:51:33 PM] Search box not found
[INFO] [4:51:33 PM] Successfully retrieved Token ID from last page: Not Found
[INFO] [4:51:37 PM] Success mail delivered to saad35-892@diu.edu.bd with Ticket: Token Created Successfully
[INFO] [4:59:07 PM] ==================================================
[INFO] [4:59:07 PM] ISP Auto-Responder Bot is Active! (Smart UI Mode)
[INFO] [4:59:07 PM] Monitoring Gmail for new requests...
[INFO] [4:59:07 PM] ==================================================
[ERROR] [4:59:08 PM] [Feed Monitor Error]: 
[INFO] [5:00:14 PM] ==================================================
[INFO] [5:00:14 PM] ISP Auto-Responder Bot is Active! (Smart UI Mode)
[INFO] [5:00:14 PM] Monitoring Gmail for new requests...
[INFO] [5:00:14 PM] ==================================================
[INFO] [5:00:15 PM] Valid Support Request Found! Subject: "Facing Issue" From: saad35-892@diu.edu.bd
[INFO] [5:00:15 PM] Starting UI Automation Engine for User Data: free258
[INFO] [5:00:20 PM] Session active. Skipping login screen.
[INFO] [5:00:22 PM] Smart Searching for: free258
[INFO] [5:00:26 PM] Match Found! Exact Username: free258. Proceeding...
[INFO] [5:00:35 PM] Typed username. Waiting for suggestion box to appear...
[INFO] [5:00:37 PM] Clicked the blue suggestion box successfully! Waiting for auto-fill...
[INFO] [5:00:39 PM] Token Category 'Problem' selected. Loading sub-codes...
[INFO] [5:00:44 PM] Form filled. Clicking Save Button...
[INFO] [5:00:53 PM] Applying DataTables Search to find the latest token...
[ERROR] [5:00:53 PM] [Puppeteer Error]: Attempted to use detached Frame '8C9F93F7B05AFA3E2EA12F725CC67206'.
[ERROR] [5:00:54 PM] Automation failed for User: free258. Sending failure notice...
[INFO] [6:16:50 PM] ==================================================
[INFO] [6:16:50 PM] ISP Auto-Responder Bot is Active! (Smart UI Mode)
[INFO] [6:16:50 PM] Monitoring Gmail for new requests...
[INFO] [6:16:50 PM] ==================================================
[INFO] [7:40:32 PM] ==================================================
[INFO] [7:40:32 PM] ISP Auto-Responder Bot is Active! (Smart UI Mode)
[INFO] [7:40:32 PM] Monitoring Gmail for new requests...
[INFO] [7:40:32 PM] ==================================================
[INFO] [7:40:47 PM] Valid Support Request Found! Subject: "Facing Issue" From: saad35-892@diu.edu.bd
[INFO] [7:40:47 PM] Starting UI Automation Engine for User Data: 01abubokor
[INFO] [7:40:50 PM] Executing fresh login...
[INFO] [7:40:54 PM] Smart Searching for: 01abubokor
[WARN] [7:40:58 PM] User data "01abubokor" not found. Aborting.
[ERROR] [7:40:58 PM] Automation failed for User: 01abubokor. Sending failure notice...
[INFO] [7:43:17 PM] Valid Support Request Found! Subject: "Facing Issue" From: saad35-892@diu.edu.bd
[INFO] [7:43:17 PM] Starting UI Automation Engine for User Data: 195397
[INFO] [7:43:21 PM] Session active. Skipping login screen.
[INFO] [7:43:23 PM] Smart Searching for: 195397
[WARN] [7:43:27 PM] User data "195397" not found. Aborting.
[ERROR] [7:43:27 PM] Automation failed for User: 195397. Sending failure notice...
[INFO] [7:45:03 PM] Valid Support Request Found! Subject: "Facing Issue" From: saad35-892@diu.edu.bd
[INFO] [7:45:03 PM] Starting UI Automation Engine for User Data: free258
[INFO] [7:45:06 PM] Session active. Skipping login screen.
[INFO] [7:45:07 PM] Smart Searching for: free258
[INFO] [7:45:12 PM] Match Found! Exact Username: free258. Proceeding...
[INFO] [7:45:14 PM] Typing username: free258. Waiting for suggestion box...
[INFO] [7:45:17 PM] Clicked suggestion box. Verifying auto-filled data...
[INFO] [7:45:19 PM] Verification passed! Correct customer data auto-filled.
[INFO] [7:45:19 PM] Token Category 'Problem' selected. Loading sub-codes...
[INFO] [7:45:24 PM] Form filled. Clicking Save Button...
[INFO] [7:45:33 PM] Applying DataTables Search to find the latest token...
[WARN] [7:45:45 PM] Search box not found
[INFO] [7:45:45 PM] Successfully retrieved Token ID from last page: NOT FOUND (NULL)
[ERROR] [7:45:46 PM] Automation failed for User: free258. Sending failure notice...
[INFO] [7:54:21 PM] ==================================================
[INFO] [7:54:21 PM] ISP Auto-Responder Bot is Active! (Smart UI Mode)
[INFO] [7:54:21 PM] Monitoring Gmail for new requests...
[INFO] [7:54:21 PM] ==================================================
[INFO] [7:54:37 PM] Valid Support Request Found! Subject: "Facing Issues" From: saad35-892@diu.edu.bd
[INFO] [7:54:37 PM] Starting UI Automation Engine for User Data: free258
[INFO] [7:54:42 PM] Session active. Skipping login screen.
[INFO] [7:54:44 PM] Smart Searching for: free258
[INFO] [7:54:48 PM] Match Found! Exact Username: free258. Proceeding...
[INFO] [7:54:51 PM] Typing username: free258. Waiting for suggestion box...
[INFO] [7:54:53 PM] Clicked suggestion box. Verifying auto-filled data...
[INFO] [7:54:56 PM] Verification passed! Correct customer data auto-filled.
[INFO] [7:54:56 PM] Token Category 'Problem' selected. Loading sub-codes...
[INFO] [7:55:01 PM] Form filled. Clicking Save Button...
[INFO] [7:55:01 PM] Waiting 60 seconds for server processing...
[INFO] [7:56:01 PM] Navigating to Token List page explicitly...
[WARN] [7:56:26 PM] Search box not found
[INFO] [7:56:26 PM] Successfully retrieved Token ID from last page: T.ID : 1182349
C.T : 06-Apr-2026 10:18: am
A.T : 06-Apr-2026 10:40: am
Token Assigned 14d 9h and 15m ago Not Closed
[INFO] [7:56:31 PM] Success mail delivered to saad35-892@diu.edu.bd with Ticket: T.ID : 1182349
C.T : 06-Apr-2026 10:18: am
A.T : 06-Apr-2026 10:40: am
Token Assigned 14d 9h and 15m ago Not Closed
[INFO] [10:48:35 AM] ==================================================
[INFO] [10:48:35 AM] ISP Auto-Responder Bot is Active! (Smart UI Mode)
[INFO] [10:48:35 AM] Monitoring Gmail for new requests...
[INFO] [10:48:35 AM] ==================================================
[INFO] [10:49:21 AM] Valid Support Request Found! Subject: "Facing Issue" From: saad35-892@diu.edu.bd
[INFO] [10:49:21 AM] Starting UI Automation Engine for User Data: free258
[INFO] [10:49:25 AM] Executing fresh login...
[INFO] [10:49:28 AM] Smart Searching for: free258
[INFO] [10:49:32 AM] Match Found! Exact Username: free258. Proceeding...
[INFO] [10:49:35 AM] Typing username: free258. Waiting for suggestion box...
[INFO] [10:49:37 AM] Clicked suggestion box. Verifying auto-filled data...
[INFO] [10:49:40 AM] Verification passed! Correct customer data auto-filled.
[INFO] [10:49:40 AM] Token Category 'Problem' selected. Loading sub-codes...
[INFO] [10:49:45 AM] Form filled. Clicking Save Button...
[INFO] [10:49:45 AM] Waiting 60 seconds for server processing...
[INFO] [10:50:45 AM] Applying DataTables Search to find the latest token from the bottom of the list...
[INFO] [10:51:04 AM] Successfully retrieved NEW Token ID: TKN-1195541
[INFO] [10:51:09 AM] Success mail delivered as a reply to saad35-892@diu.edu.bd with Ticket: TKN-1195541
[INFO] [11:01:05 AM] ==================================================
[INFO] [11:01:05 AM] ISP Auto-Responder Bot is Active! (Smart UI Mode)
[INFO] [11:01:05 AM] Monitoring Gmail for new requests...
[INFO] [11:01:05 AM] ==================================================
[INFO] [11:01:51 AM] Valid Support Request Found! Subject: "Facing Issue" From: saad35-892@diu.edu.bd
[INFO] [11:01:51 AM] Starting UI Automation Engine for User Data: free258
[INFO] [11:01:55 AM] Session active. Skipping login screen.
[INFO] [11:01:56 AM] Smart Searching for: free258
[INFO] [11:02:00 AM] Match Found! Exact Username: free258. Proceeding...
[INFO] [11:02:03 AM] Typing username: free258. Waiting for suggestion box...
[INFO] [11:02:05 AM] Clicked suggestion box. Verifying auto-filled data...
[INFO] [11:02:08 AM] Verification passed! Correct customer data auto-filled.
[INFO] [11:02:08 AM] Token Category 'Problem' selected. Loading sub-codes...
[INFO] [11:02:13 AM] Form filled. Clicking Save Button...
[INFO] [11:02:13 AM] Waiting 60 seconds for server processing...
[INFO] [11:03:13 AM] Applying DataTables Search to find the latest token from the bottom of the list...
[INFO] [11:03:32 AM] Successfully retrieved NEW Token ID: TKN-1195546
[INFO] [11:03:36 AM] Success mail delivered to saad35-892@diu.edu.bd with Ticket: TKN-1195546
[INFO] [11:09:15 AM] ==================================================
[INFO] [11:09:16 AM] ISP Auto-Responder Bot is Active! (Smart UI Mode)
[INFO] [11:09:16 AM] Monitoring Gmail for new requests...
[INFO] [11:09:16 AM] ==================================================
[INFO] [11:10:01 AM] Valid Support Request Found! Subject: "Facing Issue" From: saad22135892@gmail.com
[INFO] [11:10:01 AM] Starting UI Automation Engine for User Data: free258
[INFO] [11:10:05 AM] Session active. Skipping login screen.
[INFO] [11:10:07 AM] Smart Searching for: free258
[INFO] [11:10:11 AM] Match Found! Exact Username: free258. Proceeding...
[INFO] [11:10:14 AM] Typing username: free258. Waiting for suggestion box...
[INFO] [11:10:16 AM] Clicked suggestion box. Verifying auto-filled data...
[INFO] [11:10:19 AM] Verification passed! Correct customer data auto-filled.
[INFO] [11:10:19 AM] Token Category 'Problem' selected. Loading sub-codes...
[INFO] [11:10:24 AM] Form filled. Clicking Save Button...
[INFO] [11:10:24 AM] Waiting for server processing (Dynamic wait, up to 60s)...
[INFO] [11:10:31 AM] Navigating to Token List page explicitly...
[WARN] [11:11:01 AM] Search box not found
[INFO] [11:11:02 AM] Successfully retrieved NEW Token ID: TKN-1182349
[INFO] [11:11:06 AM] Success mail delivered to saad22135892@gmail.com with Ticket: TKN-1182349
[INFO] [11:15:16 AM] Valid Support Request Found! Subject: "Issue" From: ahnafsadik016420@gmail.com
[INFO] [11:15:16 AM] Starting UI Automation Engine for User Data: 2218
[INFO] [11:15:20 AM] Session active. Skipping login screen.
[INFO] [11:15:21 AM] Smart Searching for: 2218
[WARN] [11:15:25 AM] User data "2218" not found. Aborting.
[WARN] [11:15:26 AM] Automation failed or User unverified: 2218. Skipping failure notice.
[INFO] [11:17:42 AM] ==================================================
[INFO] [11:17:42 AM] ISP Auto-Responder Bot is Active! (Smart UI Mode)
[INFO] [11:17:42 AM] Monitoring Gmail for new requests...
[INFO] [11:17:42 AM] ==================================================
[INFO] [11:18:28 AM] Valid Support Request Found! Subject: "Issue" From: ahnafsadik016420@gmail.com
[INFO] [11:18:28 AM] Starting UI Automation Engine for User Data: free258
[INFO] [11:18:32 AM] Session active. Skipping login screen.
[INFO] [11:18:33 AM] Smart Searching for: free258
[INFO] [11:18:37 AM] Match Found! Exact Username: free258. Proceeding...
[INFO] [11:18:41 AM] Typing username: free258. Waiting for suggestion box...
[INFO] [11:18:43 AM] Clicked suggestion box. Verifying auto-filled data...
[INFO] [11:18:45 AM] Verification passed! Correct customer data auto-filled.
[INFO] [11:18:45 AM] Token Category 'Problem' selected. Loading sub-codes...
[INFO] [11:18:50 AM] Form filled. Clicking Save Button...
[INFO] [11:18:50 AM] Waiting for server processing (Dynamic wait, up to 60s)...
[INFO] [11:18:58 AM] Processing token table right on the current landing page...
[WARN] [11:19:13 AM] Search box not found
[ERROR] [11:19:13 AM] [Puppeteer Error]: Execution context was destroyed, most likely because of a navigation.
[WARN] [11:19:13 AM] Automation failed or User unverified: free258. Skipping failure notice.
[INFO] [11:23:43 AM] ==================================================
[INFO] [11:23:43 AM] ISP Auto-Responder Bot is Active! (Smart UI Mode)
[INFO] [11:23:43 AM] Monitoring Gmail for new requests...
[INFO] [11:23:43 AM] ==================================================
[INFO] [11:24:29 AM] Valid Support Request Found! Subject: "Facing Issuee" From: ahnafsadik016420@gmail.com
[INFO] [11:24:29 AM] Starting UI Automation Engine for User Data: free258
[INFO] [11:24:33 AM] Session active. Skipping login screen.
[INFO] [11:24:35 AM] Smart Searching for: free258
[INFO] [11:24:39 AM] Match Found! Exact Username: free258. Proceeding...
[INFO] [11:24:42 AM] Typing username: free258. Waiting for suggestion box...
[INFO] [11:24:44 AM] Clicked suggestion box. Verifying auto-filled data...
[INFO] [11:24:46 AM] Verification passed! Correct customer data auto-filled.
[INFO] [11:24:46 AM] Token Category 'Problem' selected. Loading sub-codes...
[INFO] [11:24:51 AM] Form filled. Clicking Save Button...
[INFO] [11:24:51 AM] Waiting a few seconds for backend to save the token...
[INFO] [11:24:57 AM] Processing token table right on the current landing page...
[WARN] [11:25:15 AM] Search box not found
[WARN] [11:25:15 AM] Failed to retrieve Token ID. Reason: Table is empty.
[WARN] [11:25:16 AM] Automation failed or User unverified: free258. Skipping failure notice.
[INFO] [11:36:21 AM] ==================================================
[INFO] [11:36:22 AM] ISP Auto-Responder Bot is Active! (Smart UI Mode)
[INFO] [11:36:22 AM] Monitoring Gmail for new requests...
[INFO] [11:36:22 AM] ==================================================
[INFO] [11:37:07 AM] Valid Support Request Found! Subject: "Facing Issue" From: saad35-892@diu.edu.bd
[INFO] [11:37:07 AM] Starting UI Automation Engine for User Data: free258
[INFO] [11:37:12 AM] Session active. Skipping login screen.
[INFO] [11:37:13 AM] Smart Searching for: free258
[INFO] [11:37:17 AM] Match Found! Exact Username: free258. Proceeding...
[INFO] [11:37:20 AM] Typing username: free258. Waiting for suggestion box...
[INFO] [11:37:22 AM] Clicked suggestion box. Verifying auto-filled data...
[INFO] [11:37:24 AM] Verification passed! Correct customer data auto-filled.
[INFO] [11:37:24 AM] Token Category 'Problem' selected. Loading sub-codes...
[INFO] [11:37:30 AM] Form filled. Clicking top 'Save' Button...
[INFO] [11:37:30 AM] Waiting 6 seconds for backend to save the token...
[INFO] [11:37:36 AM] Processing the lower section of the page...
[INFO] [11:37:36 AM] Selecting Reseller 'All'...
[INFO] [11:37:37 AM] Clicking the middle blue 'Search' button to load the table...
[INFO] [11:37:42 AM] Looking for the DataTables search box...
[INFO] [11:37:50 AM] Typing 'Ahnaf Sadik Saad' to filter the latest token...
[INFO] [11:37:54 AM] Successfully retrieved LATEST Token ID: TKN-1195560
[INFO] [11:37:58 AM] Success mail delivered to saad35-892@diu.edu.bd with Ticket: TKN-1195560
